The system is: Linux - 5.19.9-200.fc36.x86_64 - x86_64
Compiling the CXX compiler identification source file "CMakeCXXCompilerId.cpp" succeeded.
Compiler: /usr/bin/clang++ 
Build flags: 
Id flags:  

The output was:
0


Compilation of the CXX compiler identification source "CMakeCXXCompilerId.cpp" produced "a.out"

The CXX compiler identification is Clang, found in "/home/simonmeaden/workspace/epubedit/build/5_clang/release/CMakeFiles/3.22.2/CompilerIdCXX/a.out"

Detecting CXX compiler ABI info compiled with the following output:
Change Dir: /home/simonmeaden/workspace/epubedit/build/5_clang/release/CMakeFiles/CMakeTmp

Run Build Command(s):/usr/bin/ninja-build cmTC_f7fb8 && [1/2] Building CXX object CMakeFiles/cmTC_f7fb8.dir/CMakeCXXCompilerABI.cpp.o
clang version 14.0.5 (Fedora 14.0.5-1.fc36)
Target: x86_64-redhat-linux-gnu
Thread model: posix
InstalledDir: /usr/bin
Found candidate GCC installation: /usr/bin/../lib/gcc/x86_64-redhat-linux/12
Selected GCC installation: /usr/bin/../lib/gcc/x86_64-redhat-linux/12
Candidate multilib: .;@m64
Candidate multilib: 32;@m32
Selected multilib: .;@m64
 (in-process)
 "/usr/bin/clang-14" -cc1 -triple x86_64-redhat-linux-gnu -emit-obj -mrelax-all --mrelax-relocations -disable-free -clear-ast-before-backend -disable-llvm-verifier -discard-value-names -main-file-name CMakeCXXCompilerABI.cpp -mrelocation-model static -mframe-pointer=all -fmath-errno -ffp-contract=on -fno-rounding-math -mconstructor-aliases -funwind-tables=2 -target-cpu x86-64 -tune-cpu generic -mllvm -treat-scalable-fixed-error-as-warning -debugger-tuning=gdb -v -fcoverage-compilation-dir=/home/simonmeaden/workspace/epubedit/build/5_clang/release/CMakeFiles/CMakeTmp -resource-dir /usr/lib64/clang/14.0.5 -dependency-file CMakeFiles/cmTC_f7fb8.dir/CMakeCXXCompilerABI.cpp.o.d -MT CMakeFiles/cmTC_f7fb8.dir/CMakeCXXCompilerABI.cpp.o -sys-header-deps -internal-isystem /usr/bin/../lib/gcc/x86_64-redhat-linux/12/../../../../include/c++/12 -internal-isystem /usr/bin/../lib/gcc/x86_64-redhat-linux/12/../../../../include/c++/12/x86_64-redhat-linux -internal-isystem /usr/bin/../lib/gcc/x86_64-redhat-linux/12/../../../../include/c++/12/backward -internal-isystem /usr/lib64/clang/14.0.5/include -internal-isystem /usr/local/include -internal-isystem /usr/bin/../lib/gcc/x86_64-redhat-linux/12/../../../../x86_64-redhat-linux/include -internal-externc-isystem /include -internal-externc-isystem /usr/include -fdeprecated-macro -fdebug-compilation-dir=/home/simonmeaden/workspace/epubedit/build/5_clang/release/CMakeFiles/CMakeTmp -ferror-limit 19 -fgnuc-version=4.2.1 -fcxx-exceptions -fexceptions -faddrsig -D__GCC_HAVE_DWARF2_CFI_ASM=1 -o CMakeFiles/cmTC_f7fb8.dir/CMakeCXXCompilerABI.cpp.o -x c++ /usr/share/cmake/Modules/CMakeCXXCompilerABI.cpp
clang -cc1 version 14.0.5 based upon LLVM 14.0.5 default target x86_64-redhat-linux-gnu
ignoring nonexistent directory "/usr/bin/../lib/gcc/x86_64-redhat-linux/12/../../../../x86_64-redhat-linux/include"
ignoring nonexistent directory "/include"
#include "..." search starts here:
#include <...> search starts here:
 /usr/bin/../lib/gcc/x86_64-redhat-linux/12/../../../../include/c++/12
 /usr/bin/../lib/gcc/x86_64-redhat-linux/12/../../../../include/c++/12/x86_64-redhat-linux
 /usr/bin/../lib/gcc/x86_64-redhat-linux/12/../../../../include/c++/12/backward
 /usr/lib64/clang/14.0.5/include
 /usr/local/include
 /usr/include
End of search list.
[2/2] Linking CXX executable cmTC_f7fb8
clang version 14.0.5 (Fedora 14.0.5-1.fc36)
Target: x86_64-redhat-linux-gnu
Thread model: posix
InstalledDir: /usr/bin
Found candidate GCC installation: /usr/bin/../lib/gcc/x86_64-redhat-linux/12
Selected GCC installation: /usr/bin/../lib/gcc/x86_64-redhat-linux/12
Candidate multilib: .;@m64
Candidate multilib: 32;@m32
Selected multilib: .;@m64
 "/usr/bin/ld" --hash-style=gnu --build-id --eh-frame-hdr -m elf_x86_64 -dynamic-linker /lib64/ld-linux-x86-64.so.2 -o cmTC_f7fb8 /usr/bin/../lib/gcc/x86_64-redhat-linux/12/../../../../lib64/crt1.o /usr/bin/../lib/gcc/x86_64-redhat-linux/12/../../../../lib64/crti.o /usr/bin/../lib/gcc/x86_64-redhat-linux/12/crtbegin.o -L/usr/local/opt/openssl/lib -L/usr/bin/../lib/gcc/x86_64-redhat-linux/12 -L/usr/bin/../lib/gcc/x86_64-redhat-linux/12/../../../../lib64 -L/lib/../lib64 -L/usr/lib/../lib64 -L/lib -L/usr/lib CMakeFiles/cmTC_f7fb8.dir/CMakeCXXCompilerABI.cpp.o -lstdc++ -lm -lgcc_s -lgcc -lc -lgcc_s -lgcc /usr/bin/../lib/gcc/x86_64-redhat-linux/12/crtend.o /usr/bin/../lib/gcc/x86_64-redhat-linux/12/../../../../lib64/crtn.o



Parsed CXX implicit include dir info from above output: rv=done
  found start of include info
  found start of implicit include info
    add: [/usr/bin/../lib/gcc/x86_64-redhat-linux/12/../../../../include/c++/12]
    add: [/usr/bin/../lib/gcc/x86_64-redhat-linux/12/../../../../include/c++/12/x86_64-redhat-linux]
    add: [/usr/bin/../lib/gcc/x86_64-redhat-linux/12/../../../../include/c++/12/backward]
    add: [/usr/lib64/clang/14.0.5/include]
    add: [/usr/local/include]
    add: [/usr/include]
  end of search list found
  collapse include dir [/usr/bin/../lib/gcc/x86_64-redhat-linux/12/../../../../include/c++/12] ==> [/usr/include/c++/12]
  collapse include dir [/usr/bin/../lib/gcc/x86_64-redhat-linux/12/../../../../include/c++/12/x86_64-redhat-linux] ==> [/usr/include/c++/12/x86_64-redhat-linux]
  collapse include dir [/usr/bin/../lib/gcc/x86_64-redhat-linux/12/../../../../include/c++/12/backward] ==> [/usr/include/c++/12/backward]
  collapse include dir [/usr/lib64/clang/14.0.5/include] ==> [/usr/lib64/clang/14.0.5/include]
  collapse include dir [/usr/local/include] ==> [/usr/local/include]
  collapse include dir [/usr/include] ==> [/usr/include]
  implicit include dirs: [/usr/include/c++/12;/usr/include/c++/12/x86_64-redhat-linux;/usr/include/c++/12/backward;/usr/lib64/clang/14.0.5/include;/usr/local/include;/usr/include]


Parsed CXX implicit link information from above output:
  link line regex: [^( *|.*[/\])(ld|CMAKE_LINK_STARTFILE-NOTFOUND|([^/\]+-)?ld|collect2)[^/\]*( |$)]
  ignore line: [Change Dir: /home/simonmeaden/workspace/epubedit/build/5_clang/release/CMakeFiles/CMakeTmp]
  ignore line: []
  ignore line: [Run Build Command(s):/usr/bin/ninja-build cmTC_f7fb8 && [1/2] Building CXX object CMakeFiles/cmTC_f7fb8.dir/CMakeCXXCompilerABI.cpp.o]
  ignore line: [clang version 14.0.5 (Fedora 14.0.5-1.fc36)]
  ignore line: [Target: x86_64-redhat-linux-gnu]
  ignore line: [Thread model: posix]
  ignore line: [InstalledDir: /usr/bin]
  ignore line: [Found candidate GCC installation: /usr/bin/../lib/gcc/x86_64-redhat-linux/12]
  ignore line: [Selected GCC installation: /usr/bin/../lib/gcc/x86_64-redhat-linux/12]
  ignore line: [Candidate multilib: .]
  ignore line: [@m64]
  ignore line: [Candidate multilib: 32]
  ignore line: [@m32]
  ignore line: [Selected multilib: .]
  ignore line: [@m64]
  ignore line: [ (in-process)]
  ignore line: [ "/usr/bin/clang-14" -cc1 -triple x86_64-redhat-linux-gnu -emit-obj -mrelax-all --mrelax-relocations -disable-free -clear-ast-before-backend -disable-llvm-verifier -discard-value-names -main-file-name CMakeCXXCompilerABI.cpp -mrelocation-model static -mframe-pointer=all -fmath-errno -ffp-contract=on -fno-rounding-math -mconstructor-aliases -funwind-tables=2 -target-cpu x86-64 -tune-cpu generic -mllvm -treat-scalable-fixed-error-as-warning -debugger-tuning=gdb -v -fcoverage-compilation-dir=/home/simonmeaden/workspace/epubedit/build/5_clang/release/CMakeFiles/CMakeTmp -resource-dir /usr/lib64/clang/14.0.5 -dependency-file CMakeFiles/cmTC_f7fb8.dir/CMakeCXXCompilerABI.cpp.o.d -MT CMakeFiles/cmTC_f7fb8.dir/CMakeCXXCompilerABI.cpp.o -sys-header-deps -internal-isystem /usr/bin/../lib/gcc/x86_64-redhat-linux/12/../../../../include/c++/12 -internal-isystem /usr/bin/../lib/gcc/x86_64-redhat-linux/12/../../../../include/c++/12/x86_64-redhat-linux -internal-isystem /usr/bin/../lib/gcc/x86_64-redhat-linux/12/../../../../include/c++/12/backward -internal-isystem /usr/lib64/clang/14.0.5/include -internal-isystem /usr/local/include -internal-isystem /usr/bin/../lib/gcc/x86_64-redhat-linux/12/../../../../x86_64-redhat-linux/include -internal-externc-isystem /include -internal-externc-isystem /usr/include -fdeprecated-macro -fdebug-compilation-dir=/home/simonmeaden/workspace/epubedit/build/5_clang/release/CMakeFiles/CMakeTmp -ferror-limit 19 -fgnuc-version=4.2.1 -fcxx-exceptions -fexceptions -faddrsig -D__GCC_HAVE_DWARF2_CFI_ASM=1 -o CMakeFiles/cmTC_f7fb8.dir/CMakeCXXCompilerABI.cpp.o -x c++ /usr/share/cmake/Modules/CMakeCXXCompilerABI.cpp]
  ignore line: [clang -cc1 version 14.0.5 based upon LLVM 14.0.5 default target x86_64-redhat-linux-gnu]
  ignore line: [ignoring nonexistent directory "/usr/bin/../lib/gcc/x86_64-redhat-linux/12/../../../../x86_64-redhat-linux/include"]
  ignore line: [ignoring nonexistent directory "/include"]
  ignore line: [#include "..." search starts here:]
  ignore line: [#include <...> search starts here:]
  ignore line: [ /usr/bin/../lib/gcc/x86_64-redhat-linux/12/../../../../include/c++/12]
  ignore line: [ /usr/bin/../lib/gcc/x86_64-redhat-linux/12/../../../../include/c++/12/x86_64-redhat-linux]
  ignore line: [ /usr/bin/../lib/gcc/x86_64-redhat-linux/12/../../../../include/c++/12/backward]
  ignore line: [ /usr/lib64/clang/14.0.5/include]
  ignore line: [ /usr/local/include]
  ignore line: [ /usr/include]
  ignore line: [End of search list.]
  ignore line: [[2/2] Linking CXX executable cmTC_f7fb8]
  ignore line: [clang version 14.0.5 (Fedora 14.0.5-1.fc36)]
  ignore line: [Target: x86_64-redhat-linux-gnu]
  ignore line: [Thread model: posix]
  ignore line: [InstalledDir: /usr/bin]
  ignore line: [Found candidate GCC installation: /usr/bin/../lib/gcc/x86_64-redhat-linux/12]
  ignore line: [Selected GCC installation: /usr/bin/../lib/gcc/x86_64-redhat-linux/12]
  ignore line: [Candidate multilib: .]
  ignore line: [@m64]
  ignore line: [Candidate multilib: 32]
  ignore line: [@m32]
  ignore line: [Selected multilib: .]
  ignore line: [@m64]
  link line: [ "/usr/bin/ld" --hash-style=gnu --build-id --eh-frame-hdr -m elf_x86_64 -dynamic-linker /lib64/ld-linux-x86-64.so.2 -o cmTC_f7fb8 /usr/bin/../lib/gcc/x86_64-redhat-linux/12/../../../../lib64/crt1.o /usr/bin/../lib/gcc/x86_64-redhat-linux/12/../../../../lib64/crti.o /usr/bin/../lib/gcc/x86_64-redhat-linux/12/crtbegin.o -L/usr/local/opt/openssl/lib -L/usr/bin/../lib/gcc/x86_64-redhat-linux/12 -L/usr/bin/../lib/gcc/x86_64-redhat-linux/12/../../../../lib64 -L/lib/../lib64 -L/usr/lib/../lib64 -L/lib -L/usr/lib CMakeFiles/cmTC_f7fb8.dir/CMakeCXXCompilerABI.cpp.o -lstdc++ -lm -lgcc_s -lgcc -lc -lgcc_s -lgcc /usr/bin/../lib/gcc/x86_64-redhat-linux/12/crtend.o /usr/bin/../lib/gcc/x86_64-redhat-linux/12/../../../../lib64/crtn.o]
    arg [/usr/bin/ld] ==> ignore
    arg [--hash-style=gnu] ==> ignore
    arg [--build-id] ==> ignore
    arg [--eh-frame-hdr] ==> ignore
    arg [-m] ==> ignore
    arg [elf_x86_64] ==> ignore
    arg [-dynamic-linker] ==> ignore
    arg [/lib64/ld-linux-x86-64.so.2] ==> ignore
    arg [-o] ==> ignore
    arg [cmTC_f7fb8] ==> ignore
    arg [/usr/bin/../lib/gcc/x86_64-redhat-linux/12/../../../../lib64/crt1.o] ==> obj [/usr/bin/../lib/gcc/x86_64-redhat-linux/12/../../../../lib64/crt1.o]
    arg [/usr/bin/../lib/gcc/x86_64-redhat-linux/12/../../../../lib64/crti.o] ==> obj [/usr/bin/../lib/gcc/x86_64-redhat-linux/12/../../../../lib64/crti.o]
    arg [/usr/bin/../lib/gcc/x86_64-redhat-linux/12/crtbegin.o] ==> obj [/usr/bin/../lib/gcc/x86_64-redhat-linux/12/crtbegin.o]
    arg [-L/usr/local/opt/openssl/lib] ==> dir [/usr/local/opt/openssl/lib]
    arg [-L/usr/bin/../lib/gcc/x86_64-redhat-linux/12] ==> dir [/usr/bin/../lib/gcc/x86_64-redhat-linux/12]
    arg [-L/usr/bin/../lib/gcc/x86_64-redhat-linux/12/../../../../lib64] ==> dir [/usr/bin/../lib/gcc/x86_64-redhat-linux/12/../../../../lib64]
    arg [-L/lib/../lib64] ==> dir [/lib/../lib64]
    arg [-L/usr/lib/../lib64] ==> dir [/usr/lib/../lib64]
    arg [-L/lib] ==> dir [/lib]
    arg [-L/usr/lib] ==> dir [/usr/lib]
    arg [CMakeFiles/cmTC_f7fb8.dir/CMakeCXXCompilerABI.cpp.o] ==> ignore
    arg [-lstdc++] ==> lib [stdc++]
    arg [-lm] ==> lib [m]
    arg [-lgcc_s] ==> lib [gcc_s]
    arg [-lgcc] ==> lib [gcc]
    arg [-lc] ==> lib [c]
    arg [-lgcc_s] ==> lib [gcc_s]
    arg [-lgcc] ==> lib [gcc]
    arg [/usr/bin/../lib/gcc/x86_64-redhat-linux/12/crtend.o] ==> obj [/usr/bin/../lib/gcc/x86_64-redhat-linux/12/crtend.o]
    arg [/usr/bin/../lib/gcc/x86_64-redhat-linux/12/../../../../lib64/crtn.o] ==> obj [/usr/bin/../lib/gcc/x86_64-redhat-linux/12/../../../../lib64/crtn.o]
  collapse obj [/usr/bin/../lib/gcc/x86_64-redhat-linux/12/../../../../lib64/crt1.o] ==> [/usr/lib64/crt1.o]
  collapse obj [/usr/bin/../lib/gcc/x86_64-redhat-linux/12/../../../../lib64/crti.o] ==> [/usr/lib64/crti.o]
  collapse obj [/usr/bin/../lib/gcc/x86_64-redhat-linux/12/crtbegin.o] ==> [/usr/lib/gcc/x86_64-redhat-linux/12/crtbegin.o]
  collapse obj [/usr/bin/../lib/gcc/x86_64-redhat-linux/12/crtend.o] ==> [/usr/lib/gcc/x86_64-redhat-linux/12/crtend.o]
  collapse obj [/usr/bin/../lib/gcc/x86_64-redhat-linux/12/../../../../lib64/crtn.o] ==> [/usr/lib64/crtn.o]
  collapse library dir [/usr/local/opt/openssl/lib] ==> [/usr/local/opt/openssl/lib]
  collapse library dir [/usr/bin/../lib/gcc/x86_64-redhat-linux/12] ==> [/usr/lib/gcc/x86_64-redhat-linux/12]
  collapse library dir [/usr/bin/../lib/gcc/x86_64-redhat-linux/12/../../../../lib64] ==> [/usr/lib64]
  collapse library dir [/lib/../lib64] ==> [/lib64]
  collapse library dir [/usr/lib/../lib64] ==> [/usr/lib64]
  collapse library dir [/lib] ==> [/lib]
  collapse library dir [/usr/lib] ==> [/usr/lib]
  implicit libs: [stdc++;m;gcc_s;gcc;c;gcc_s;gcc]
  implicit objs: [/usr/lib64/crt1.o;/usr/lib64/crti.o;/usr/lib/gcc/x86_64-redhat-linux/12/crtbegin.o;/usr/lib/gcc/x86_64-redhat-linux/12/crtend.o;/usr/lib64/crtn.o]
  implicit dirs: [/usr/local/opt/openssl/lib;/usr/lib/gcc/x86_64-redhat-linux/12;/usr/lib64;/lib64;/lib;/usr/lib]
  implicit fwks: []


Determining if the include file pthread.h exists passed with the following output:
Change Dir: /home/simonmeaden/workspace/epubedit/build/5_clang/release/CMakeFiles/CMakeTmp

Run Build Command(s):/usr/bin/ninja-build cmTC_f0b35 && [1/2] Building CXX object CMakeFiles/cmTC_f0b35.dir/CheckIncludeFile.cxx.o
[2/2] Linking CXX executable cmTC_f0b35



Performing C++ SOURCE FILE Test CMAKE_HAVE_LIBC_PTHREAD succeeded with the following output:
Change Dir: /home/simonmeaden/workspace/epubedit/build/5_clang/release/CMakeFiles/CMakeTmp

Run Build Command(s):/usr/bin/ninja-build cmTC_ec8a5 && [1/2] Building CXX object CMakeFiles/cmTC_ec8a5.dir/src.cxx.o
[2/2] Linking CXX executable cmTC_ec8a5


Source file was:
#include <pthread.h>

static void* test_func(void* data)
{
  return data;
}

int main(void)
{
  pthread_t thread;
  pthread_create(&thread, NULL, test_func, NULL);
  pthread_detach(thread);
  pthread_cancel(thread);
  pthread_join(thread, NULL);
  pthread_atfork(NULL, NULL, NULL);
  pthread_exit(NULL);

  return 0;
}

