The system is: Linux - 5.17.13-200.fc35.x86_64 - x86_64
Compiling the C compiler identification source file "CMakeCCompilerId.c" succeeded.
Compiler: /usr/bin/clang 
Build flags: 
Id flags:  

The output was:
0


Compilation of the C compiler identification source "CMakeCCompilerId.c" produced "a.out"

The C compiler identification is Clang, found in "/home/simonmeaden/workspace/epubedit/build-extlibs-QT_5_CLang-Debug/CMakeFiles/3.22.2/CompilerIdC/a.out"

Compiling the CXX compiler identification source file "CMakeCXXCompilerId.cpp" succeeded.
Compiler: /usr/bin/clang++ 
Build flags: 
Id flags:  

The output was:
0


Compilation of the CXX compiler identification source "CMakeCXXCompilerId.cpp" produced "a.out"

The CXX compiler identification is Clang, found in "/home/simonmeaden/workspace/epubedit/build-extlibs-QT_5_CLang-Debug/CMakeFiles/3.22.2/CompilerIdCXX/a.out"

Detecting C compiler ABI info compiled with the following output:
Change Dir: /home/simonmeaden/workspace/epubedit/build-extlibs-QT_5_CLang-Debug/CMakeFiles/CMakeTmp

Run Build Command(s):/usr/bin/ninja-build cmTC_5fea8 && [1/2] Building C object CMakeFiles/cmTC_5fea8.dir/CMakeCCompilerABI.c.o
clang version 13.0.0 (Fedora 13.0.0-3.fc35)
Target: x86_64-redhat-linux-gnu
Thread model: posix
InstalledDir: /usr/bin
Found candidate GCC installation: /usr/bin/../lib/gcc/x86_64-redhat-linux/11
Selected GCC installation: /usr/bin/../lib/gcc/x86_64-redhat-linux/11
Candidate multilib: .;@m64
Candidate multilib: 32;@m32
Selected multilib: .;@m64
 (in-process)
 "/usr/bin/clang-13" -cc1 -triple x86_64-redhat-linux-gnu -emit-obj -mrelax-all --mrelax-relocations -disable-free -disable-llvm-verifier -discard-value-names -main-file-name CMakeCCompilerABI.c -mrelocation-model static -mframe-pointer=all -fmath-errno -fno-rounding-math -mconstructor-aliases -munwind-tables -target-cpu x86-64 -tune-cpu generic -debugger-tuning=gdb -v -fcoverage-compilation-dir=/home/simonmeaden/workspace/epubedit/build-extlibs-QT_5_CLang-Debug/CMakeFiles/CMakeTmp -resource-dir /usr/lib64/clang/13.0.0 -dependency-file CMakeFiles/cmTC_5fea8.dir/CMakeCCompilerABI.c.o.d -MT CMakeFiles/cmTC_5fea8.dir/CMakeCCompilerABI.c.o -sys-header-deps -internal-isystem /usr/lib64/clang/13.0.0/include -internal-isystem /usr/local/include -internal-isystem /usr/bin/../lib/gcc/x86_64-redhat-linux/11/../../../../x86_64-redhat-linux/include -internal-externc-isystem /include -internal-externc-isystem /usr/include -fdebug-compilation-dir=/home/simonmeaden/workspace/epubedit/build-extlibs-QT_5_CLang-Debug/CMakeFiles/CMakeTmp -ferror-limit 19 -fgnuc-version=4.2.1 -faddrsig -D__GCC_HAVE_DWARF2_CFI_ASM=1 -o CMakeFiles/cmTC_5fea8.dir/CMakeCCompilerABI.c.o -x c /usr/share/cmake/Modules/CMakeCCompilerABI.c
clang -cc1 version 13.0.0 based upon LLVM 13.0.0 default target x86_64-redhat-linux-gnu
ignoring nonexistent directory "/usr/bin/../lib/gcc/x86_64-redhat-linux/11/../../../../x86_64-redhat-linux/include"
ignoring nonexistent directory "/include"
#include "..." search starts here:
#include <...> search starts here:
 /usr/lib64/clang/13.0.0/include
 /usr/local/include
 /usr/include
End of search list.
[2/2] Linking C executable cmTC_5fea8
clang version 13.0.0 (Fedora 13.0.0-3.fc35)
Target: x86_64-redhat-linux-gnu
Thread model: posix
InstalledDir: /usr/bin
Found candidate GCC installation: /usr/bin/../lib/gcc/x86_64-redhat-linux/11
Selected GCC installation: /usr/bin/../lib/gcc/x86_64-redhat-linux/11
Candidate multilib: .;@m64
Candidate multilib: 32;@m32
Selected multilib: .;@m64
 "/usr/bin/ld" -export-dynamic --hash-style=gnu --build-id --eh-frame-hdr -m elf_x86_64 -export-dynamic -dynamic-linker /lib64/ld-linux-x86-64.so.2 -o cmTC_5fea8 /usr/bin/../lib/gcc/x86_64-redhat-linux/11/../../../../lib64/crt1.o /usr/bin/../lib/gcc/x86_64-redhat-linux/11/../../../../lib64/crti.o /usr/bin/../lib/gcc/x86_64-redhat-linux/11/crtbegin.o -L/usr/local/opt/openssl/lib -L/usr/bin/../lib/gcc/x86_64-redhat-linux/11 -L/usr/bin/../lib/gcc/x86_64-redhat-linux/11/../../../../lib64 -L/lib/../lib64 -L/usr/lib/../lib64 -L/usr/bin/../lib -L/lib -L/usr/lib CMakeFiles/cmTC_5fea8.dir/CMakeCCompilerABI.c.o -lgcc --as-needed -lgcc_s --no-as-needed -lc -lgcc --as-needed -lgcc_s --no-as-needed /usr/bin/../lib/gcc/x86_64-redhat-linux/11/crtend.o /usr/bin/../lib/gcc/x86_64-redhat-linux/11/../../../../lib64/crtn.o



Parsed C implicit include dir info from above output: rv=done
  found start of include info
  found start of implicit include info
    add: [/usr/lib64/clang/13.0.0/include]
    add: [/usr/local/include]
    add: [/usr/include]
  end of search list found
  collapse include dir [/usr/lib64/clang/13.0.0/include] ==> [/usr/lib64/clang/13.0.0/include]
  collapse include dir [/usr/local/include] ==> [/usr/local/include]
  collapse include dir [/usr/include] ==> [/usr/include]
  implicit include dirs: [/usr/lib64/clang/13.0.0/include;/usr/local/include;/usr/include]


Parsed C implicit link information from above output:
  link line regex: [^( *|.*[/\])(ld|CMAKE_LINK_STARTFILE-NOTFOUND|([^/\]+-)?ld|collect2)[^/\]*( |$)]
  ignore line: [Change Dir: /home/simonmeaden/workspace/epubedit/build-extlibs-QT_5_CLang-Debug/CMakeFiles/CMakeTmp]
  ignore line: []
  ignore line: [Run Build Command(s):/usr/bin/ninja-build cmTC_5fea8 && [1/2] Building C object CMakeFiles/cmTC_5fea8.dir/CMakeCCompilerABI.c.o]
  ignore line: [clang version 13.0.0 (Fedora 13.0.0-3.fc35)]
  ignore line: [Target: x86_64-redhat-linux-gnu]
  ignore line: [Thread model: posix]
  ignore line: [InstalledDir: /usr/bin]
  ignore line: [Found candidate GCC installation: /usr/bin/../lib/gcc/x86_64-redhat-linux/11]
  ignore line: [Selected GCC installation: /usr/bin/../lib/gcc/x86_64-redhat-linux/11]
  ignore line: [Candidate multilib: .]
  ignore line: [@m64]
  ignore line: [Candidate multilib: 32]
  ignore line: [@m32]
  ignore line: [Selected multilib: .]
  ignore line: [@m64]
  ignore line: [ (in-process)]
  ignore line: [ "/usr/bin/clang-13" -cc1 -triple x86_64-redhat-linux-gnu -emit-obj -mrelax-all --mrelax-relocations -disable-free -disable-llvm-verifier -discard-value-names -main-file-name CMakeCCompilerABI.c -mrelocation-model static -mframe-pointer=all -fmath-errno -fno-rounding-math -mconstructor-aliases -munwind-tables -target-cpu x86-64 -tune-cpu generic -debugger-tuning=gdb -v -fcoverage-compilation-dir=/home/simonmeaden/workspace/epubedit/build-extlibs-QT_5_CLang-Debug/CMakeFiles/CMakeTmp -resource-dir /usr/lib64/clang/13.0.0 -dependency-file CMakeFiles/cmTC_5fea8.dir/CMakeCCompilerABI.c.o.d -MT CMakeFiles/cmTC_5fea8.dir/CMakeCCompilerABI.c.o -sys-header-deps -internal-isystem /usr/lib64/clang/13.0.0/include -internal-isystem /usr/local/include -internal-isystem /usr/bin/../lib/gcc/x86_64-redhat-linux/11/../../../../x86_64-redhat-linux/include -internal-externc-isystem /include -internal-externc-isystem /usr/include -fdebug-compilation-dir=/home/simonmeaden/workspace/epubedit/build-extlibs-QT_5_CLang-Debug/CMakeFiles/CMakeTmp -ferror-limit 19 -fgnuc-version=4.2.1 -faddrsig -D__GCC_HAVE_DWARF2_CFI_ASM=1 -o CMakeFiles/cmTC_5fea8.dir/CMakeCCompilerABI.c.o -x c /usr/share/cmake/Modules/CMakeCCompilerABI.c]
  ignore line: [clang -cc1 version 13.0.0 based upon LLVM 13.0.0 default target x86_64-redhat-linux-gnu]
  ignore line: [ignoring nonexistent directory "/usr/bin/../lib/gcc/x86_64-redhat-linux/11/../../../../x86_64-redhat-linux/include"]
  ignore line: [ignoring nonexistent directory "/include"]
  ignore line: [#include "..." search starts here:]
  ignore line: [#include <...> search starts here:]
  ignore line: [ /usr/lib64/clang/13.0.0/include]
  ignore line: [ /usr/local/include]
  ignore line: [ /usr/include]
  ignore line: [End of search list.]
  ignore line: [[2/2] Linking C executable cmTC_5fea8]
  ignore line: [clang version 13.0.0 (Fedora 13.0.0-3.fc35)]
  ignore line: [Target: x86_64-redhat-linux-gnu]
  ignore line: [Thread model: posix]
  ignore line: [InstalledDir: /usr/bin]
  ignore line: [Found candidate GCC installation: /usr/bin/../lib/gcc/x86_64-redhat-linux/11]
  ignore line: [Selected GCC installation: /usr/bin/../lib/gcc/x86_64-redhat-linux/11]
  ignore line: [Candidate multilib: .]
  ignore line: [@m64]
  ignore line: [Candidate multilib: 32]
  ignore line: [@m32]
  ignore line: [Selected multilib: .]
  ignore line: [@m64]
  link line: [ "/usr/bin/ld" -export-dynamic --hash-style=gnu --build-id --eh-frame-hdr -m elf_x86_64 -export-dynamic -dynamic-linker /lib64/ld-linux-x86-64.so.2 -o cmTC_5fea8 /usr/bin/../lib/gcc/x86_64-redhat-linux/11/../../../../lib64/crt1.o /usr/bin/../lib/gcc/x86_64-redhat-linux/11/../../../../lib64/crti.o /usr/bin/../lib/gcc/x86_64-redhat-linux/11/crtbegin.o -L/usr/local/opt/openssl/lib -L/usr/bin/../lib/gcc/x86_64-redhat-linux/11 -L/usr/bin/../lib/gcc/x86_64-redhat-linux/11/../../../../lib64 -L/lib/../lib64 -L/usr/lib/../lib64 -L/usr/bin/../lib -L/lib -L/usr/lib CMakeFiles/cmTC_5fea8.dir/CMakeCCompilerABI.c.o -lgcc --as-needed -lgcc_s --no-as-needed -lc -lgcc --as-needed -lgcc_s --no-as-needed /usr/bin/../lib/gcc/x86_64-redhat-linux/11/crtend.o /usr/bin/../lib/gcc/x86_64-redhat-linux/11/../../../../lib64/crtn.o]
    arg [/usr/bin/ld] ==> ignore
    arg [-export-dynamic] ==> ignore
    arg [--hash-style=gnu] ==> ignore
    arg [--build-id] ==> ignore
    arg [--eh-frame-hdr] ==> ignore
    arg [-m] ==> ignore
    arg [elf_x86_64] ==> ignore
    arg [-export-dynamic] ==> ignore
    arg [-dynamic-linker] ==> ignore
    arg [/lib64/ld-linux-x86-64.so.2] ==> ignore
    arg [-o] ==> ignore
    arg [cmTC_5fea8] ==> ignore
    arg [/usr/bin/../lib/gcc/x86_64-redhat-linux/11/../../../../lib64/crt1.o] ==> obj [/usr/bin/../lib/gcc/x86_64-redhat-linux/11/../../../../lib64/crt1.o]
    arg [/usr/bin/../lib/gcc/x86_64-redhat-linux/11/../../../../lib64/crti.o] ==> obj [/usr/bin/../lib/gcc/x86_64-redhat-linux/11/../../../../lib64/crti.o]
    arg [/usr/bin/../lib/gcc/x86_64-redhat-linux/11/crtbegin.o] ==> obj [/usr/bin/../lib/gcc/x86_64-redhat-linux/11/crtbegin.o]
    arg [-L/usr/local/opt/openssl/lib] ==> dir [/usr/local/opt/openssl/lib]
    arg [-L/usr/bin/../lib/gcc/x86_64-redhat-linux/11] ==> dir [/usr/bin/../lib/gcc/x86_64-redhat-linux/11]
    arg [-L/usr/bin/../lib/gcc/x86_64-redhat-linux/11/../../../../lib64] ==> dir [/usr/bin/../lib/gcc/x86_64-redhat-linux/11/../../../../lib64]
    arg [-L/lib/../lib64] ==> dir [/lib/../lib64]
    arg [-L/usr/lib/../lib64] ==> dir [/usr/lib/../lib64]
    arg [-L/usr/bin/../lib] ==> dir [/usr/bin/../lib]
    arg [-L/lib] ==> dir [/lib]
    arg [-L/usr/lib] ==> dir [/usr/lib]
    arg [CMakeFiles/cmTC_5fea8.dir/CMakeCCompilerABI.c.o] ==> ignore
    arg [-lgcc] ==> lib [gcc]
    arg [--as-needed] ==> ignore
    arg [-lgcc_s] ==> lib [gcc_s]
    arg [--no-as-needed] ==> ignore
    arg [-lc] ==> lib [c]
    arg [-lgcc] ==> lib [gcc]
    arg [--as-needed] ==> ignore
    arg [-lgcc_s] ==> lib [gcc_s]
    arg [--no-as-needed] ==> ignore
    arg [/usr/bin/../lib/gcc/x86_64-redhat-linux/11/crtend.o] ==> obj [/usr/bin/../lib/gcc/x86_64-redhat-linux/11/crtend.o]
    arg [/usr/bin/../lib/gcc/x86_64-redhat-linux/11/../../../../lib64/crtn.o] ==> obj [/usr/bin/../lib/gcc/x86_64-redhat-linux/11/../../../../lib64/crtn.o]
  collapse obj [/usr/bin/../lib/gcc/x86_64-redhat-linux/11/../../../../lib64/crt1.o] ==> [/usr/lib64/crt1.o]
  collapse obj [/usr/bin/../lib/gcc/x86_64-redhat-linux/11/../../../../lib64/crti.o] ==> [/usr/lib64/crti.o]
  collapse obj [/usr/bin/../lib/gcc/x86_64-redhat-linux/11/crtbegin.o] ==> [/usr/lib/gcc/x86_64-redhat-linux/11/crtbegin.o]
  collapse obj [/usr/bin/../lib/gcc/x86_64-redhat-linux/11/crtend.o] ==> [/usr/lib/gcc/x86_64-redhat-linux/11/crtend.o]
  collapse obj [/usr/bin/../lib/gcc/x86_64-redhat-linux/11/../../../../lib64/crtn.o] ==> [/usr/lib64/crtn.o]
  collapse library dir [/usr/local/opt/openssl/lib] ==> [/usr/local/opt/openssl/lib]
  collapse library dir [/usr/bin/../lib/gcc/x86_64-redhat-linux/11] ==> [/usr/lib/gcc/x86_64-redhat-linux/11]
  collapse library dir [/usr/bin/../lib/gcc/x86_64-redhat-linux/11/../../../../lib64] ==> [/usr/lib64]
  collapse library dir [/lib/../lib64] ==> [/lib64]
  collapse library dir [/usr/lib/../lib64] ==> [/usr/lib64]
  collapse library dir [/usr/bin/../lib] ==> [/usr/lib]
  collapse library dir [/lib] ==> [/lib]
  collapse library dir [/usr/lib] ==> [/usr/lib]
  implicit libs: [gcc;gcc_s;c;gcc;gcc_s]
  implicit objs: [/usr/lib64/crt1.o;/usr/lib64/crti.o;/usr/lib/gcc/x86_64-redhat-linux/11/crtbegin.o;/usr/lib/gcc/x86_64-redhat-linux/11/crtend.o;/usr/lib64/crtn.o]
  implicit dirs: [/usr/local/opt/openssl/lib;/usr/lib/gcc/x86_64-redhat-linux/11;/usr/lib64;/lib64;/usr/lib;/lib]
  implicit fwks: []


Detecting CXX compiler ABI info compiled with the following output:
Change Dir: /home/simonmeaden/workspace/epubedit/build-extlibs-QT_5_CLang-Debug/CMakeFiles/CMakeTmp

Run Build Command(s):/usr/bin/ninja-build cmTC_8702b && [1/2] Building CXX object CMakeFiles/cmTC_8702b.dir/CMakeCXXCompilerABI.cpp.o
clang version 13.0.0 (Fedora 13.0.0-3.fc35)
Target: x86_64-redhat-linux-gnu
Thread model: posix
InstalledDir: /usr/bin
Found candidate GCC installation: /usr/bin/../lib/gcc/x86_64-redhat-linux/11
Selected GCC installation: /usr/bin/../lib/gcc/x86_64-redhat-linux/11
Candidate multilib: .;@m64
Candidate multilib: 32;@m32
Selected multilib: .;@m64
 (in-process)
 "/usr/bin/clang-13" -cc1 -triple x86_64-redhat-linux-gnu -emit-obj -mrelax-all --mrelax-relocations -disable-free -disable-llvm-verifier -discard-value-names -main-file-name CMakeCXXCompilerABI.cpp -mrelocation-model static -mframe-pointer=all -fmath-errno -fno-rounding-math -mconstructor-aliases -munwind-tables -target-cpu x86-64 -tune-cpu generic -debugger-tuning=gdb -v -fcoverage-compilation-dir=/home/simonmeaden/workspace/epubedit/build-extlibs-QT_5_CLang-Debug/CMakeFiles/CMakeTmp -resource-dir /usr/lib64/clang/13.0.0 -dependency-file CMakeFiles/cmTC_8702b.dir/CMakeCXXCompilerABI.cpp.o.d -MT CMakeFiles/cmTC_8702b.dir/CMakeCXXCompilerABI.cpp.o -sys-header-deps -internal-isystem /usr/bin/../lib/gcc/x86_64-redhat-linux/11/../../../../include/c++/11 -internal-isystem /usr/bin/../lib/gcc/x86_64-redhat-linux/11/../../../../include/c++/11/x86_64-redhat-linux -internal-isystem /usr/bin/../lib/gcc/x86_64-redhat-linux/11/../../../../include/c++/11/backward -internal-isystem /usr/lib64/clang/13.0.0/include -internal-isystem /usr/local/include -internal-isystem /usr/bin/../lib/gcc/x86_64-redhat-linux/11/../../../../x86_64-redhat-linux/include -internal-externc-isystem /include -internal-externc-isystem /usr/include -fdeprecated-macro -fdebug-compilation-dir=/home/simonmeaden/workspace/epubedit/build-extlibs-QT_5_CLang-Debug/CMakeFiles/CMakeTmp -ferror-limit 19 -fgnuc-version=4.2.1 -fcxx-exceptions -fexceptions -faddrsig -D__GCC_HAVE_DWARF2_CFI_ASM=1 -o CMakeFiles/cmTC_8702b.dir/CMakeCXXCompilerABI.cpp.o -x c++ /usr/share/cmake/Modules/CMakeCXXCompilerABI.cpp
clang -cc1 version 13.0.0 based upon LLVM 13.0.0 default target x86_64-redhat-linux-gnu
ignoring nonexistent directory "/usr/bin/../lib/gcc/x86_64-redhat-linux/11/../../../../x86_64-redhat-linux/include"
ignoring nonexistent directory "/include"
#include "..." search starts here:
#include <...> search starts here:
 /usr/bin/../lib/gcc/x86_64-redhat-linux/11/../../../../include/c++/11
 /usr/bin/../lib/gcc/x86_64-redhat-linux/11/../../../../include/c++/11/x86_64-redhat-linux
 /usr/bin/../lib/gcc/x86_64-redhat-linux/11/../../../../include/c++/11/backward
 /usr/lib64/clang/13.0.0/include
 /usr/local/include
 /usr/include
End of search list.
[2/2] Linking CXX executable cmTC_8702b
clang version 13.0.0 (Fedora 13.0.0-3.fc35)
Target: x86_64-redhat-linux-gnu
Thread model: posix
InstalledDir: /usr/bin
Found candidate GCC installation: /usr/bin/../lib/gcc/x86_64-redhat-linux/11
Selected GCC installation: /usr/bin/../lib/gcc/x86_64-redhat-linux/11
Candidate multilib: .;@m64
Candidate multilib: 32;@m32
Selected multilib: .;@m64
 "/usr/bin/ld" -export-dynamic --hash-style=gnu --build-id --eh-frame-hdr -m elf_x86_64 -export-dynamic -dynamic-linker /lib64/ld-linux-x86-64.so.2 -o cmTC_8702b /usr/bin/../lib/gcc/x86_64-redhat-linux/11/../../../../lib64/crt1.o /usr/bin/../lib/gcc/x86_64-redhat-linux/11/../../../../lib64/crti.o /usr/bin/../lib/gcc/x86_64-redhat-linux/11/crtbegin.o -L/usr/local/opt/openssl/lib -L/usr/bin/../lib/gcc/x86_64-redhat-linux/11 -L/usr/bin/../lib/gcc/x86_64-redhat-linux/11/../../../../lib64 -L/lib/../lib64 -L/usr/lib/../lib64 -L/usr/bin/../lib -L/lib -L/usr/lib CMakeFiles/cmTC_8702b.dir/CMakeCXXCompilerABI.cpp.o -lstdc++ -lm -lgcc_s -lgcc -lc -lgcc_s -lgcc /usr/bin/../lib/gcc/x86_64-redhat-linux/11/crtend.o /usr/bin/../lib/gcc/x86_64-redhat-linux/11/../../../../lib64/crtn.o



Parsed CXX implicit include dir info from above output: rv=done
  found start of include info
  found start of implicit include info
    add: [/usr/bin/../lib/gcc/x86_64-redhat-linux/11/../../../../include/c++/11]
    add: [/usr/bin/../lib/gcc/x86_64-redhat-linux/11/../../../../include/c++/11/x86_64-redhat-linux]
    add: [/usr/bin/../lib/gcc/x86_64-redhat-linux/11/../../../../include/c++/11/backward]
    add: [/usr/lib64/clang/13.0.0/include]
    add: [/usr/local/include]
    add: [/usr/include]
  end of search list found
  collapse include dir [/usr/bin/../lib/gcc/x86_64-redhat-linux/11/../../../../include/c++/11] ==> [/usr/include/c++/11]
  collapse include dir [/usr/bin/../lib/gcc/x86_64-redhat-linux/11/../../../../include/c++/11/x86_64-redhat-linux] ==> [/usr/include/c++/11/x86_64-redhat-linux]
  collapse include dir [/usr/bin/../lib/gcc/x86_64-redhat-linux/11/../../../../include/c++/11/backward] ==> [/usr/include/c++/11/backward]
  collapse include dir [/usr/lib64/clang/13.0.0/include] ==> [/usr/lib64/clang/13.0.0/include]
  collapse include dir [/usr/local/include] ==> [/usr/local/include]
  collapse include dir [/usr/include] ==> [/usr/include]
  implicit include dirs: [/usr/include/c++/11;/usr/include/c++/11/x86_64-redhat-linux;/usr/include/c++/11/backward;/usr/lib64/clang/13.0.0/include;/usr/local/include;/usr/include]


Parsed CXX implicit link information from above output:
  link line regex: [^( *|.*[/\])(ld|CMAKE_LINK_STARTFILE-NOTFOUND|([^/\]+-)?ld|collect2)[^/\]*( |$)]
  ignore line: [Change Dir: /home/simonmeaden/workspace/epubedit/build-extlibs-QT_5_CLang-Debug/CMakeFiles/CMakeTmp]
  ignore line: []
  ignore line: [Run Build Command(s):/usr/bin/ninja-build cmTC_8702b && [1/2] Building CXX object CMakeFiles/cmTC_8702b.dir/CMakeCXXCompilerABI.cpp.o]
  ignore line: [clang version 13.0.0 (Fedora 13.0.0-3.fc35)]
  ignore line: [Target: x86_64-redhat-linux-gnu]
  ignore line: [Thread model: posix]
  ignore line: [InstalledDir: /usr/bin]
  ignore line: [Found candidate GCC installation: /usr/bin/../lib/gcc/x86_64-redhat-linux/11]
  ignore line: [Selected GCC installation: /usr/bin/../lib/gcc/x86_64-redhat-linux/11]
  ignore line: [Candidate multilib: .]
  ignore line: [@m64]
  ignore line: [Candidate multilib: 32]
  ignore line: [@m32]
  ignore line: [Selected multilib: .]
  ignore line: [@m64]
  ignore line: [ (in-process)]
  ignore line: [ "/usr/bin/clang-13" -cc1 -triple x86_64-redhat-linux-gnu -emit-obj -mrelax-all --mrelax-relocations -disable-free -disable-llvm-verifier -discard-value-names -main-file-name CMakeCXXCompilerABI.cpp -mrelocation-model static -mframe-pointer=all -fmath-errno -fno-rounding-math -mconstructor-aliases -munwind-tables -target-cpu x86-64 -tune-cpu generic -debugger-tuning=gdb -v -fcoverage-compilation-dir=/home/simonmeaden/workspace/epubedit/build-extlibs-QT_5_CLang-Debug/CMakeFiles/CMakeTmp -resource-dir /usr/lib64/clang/13.0.0 -dependency-file CMakeFiles/cmTC_8702b.dir/CMakeCXXCompilerABI.cpp.o.d -MT CMakeFiles/cmTC_8702b.dir/CMakeCXXCompilerABI.cpp.o -sys-header-deps -internal-isystem /usr/bin/../lib/gcc/x86_64-redhat-linux/11/../../../../include/c++/11 -internal-isystem /usr/bin/../lib/gcc/x86_64-redhat-linux/11/../../../../include/c++/11/x86_64-redhat-linux -internal-isystem /usr/bin/../lib/gcc/x86_64-redhat-linux/11/../../../../include/c++/11/backward -internal-isystem /usr/lib64/clang/13.0.0/include -internal-isystem /usr/local/include -internal-isystem /usr/bin/../lib/gcc/x86_64-redhat-linux/11/../../../../x86_64-redhat-linux/include -internal-externc-isystem /include -internal-externc-isystem /usr/include -fdeprecated-macro -fdebug-compilation-dir=/home/simonmeaden/workspace/epubedit/build-extlibs-QT_5_CLang-Debug/CMakeFiles/CMakeTmp -ferror-limit 19 -fgnuc-version=4.2.1 -fcxx-exceptions -fexceptions -faddrsig -D__GCC_HAVE_DWARF2_CFI_ASM=1 -o CMakeFiles/cmTC_8702b.dir/CMakeCXXCompilerABI.cpp.o -x c++ /usr/share/cmake/Modules/CMakeCXXCompilerABI.cpp]
  ignore line: [clang -cc1 version 13.0.0 based upon LLVM 13.0.0 default target x86_64-redhat-linux-gnu]
  ignore line: [ignoring nonexistent directory "/usr/bin/../lib/gcc/x86_64-redhat-linux/11/../../../../x86_64-redhat-linux/include"]
  ignore line: [ignoring nonexistent directory "/include"]
  ignore line: [#include "..." search starts here:]
  ignore line: [#include <...> search starts here:]
  ignore line: [ /usr/bin/../lib/gcc/x86_64-redhat-linux/11/../../../../include/c++/11]
  ignore line: [ /usr/bin/../lib/gcc/x86_64-redhat-linux/11/../../../../include/c++/11/x86_64-redhat-linux]
  ignore line: [ /usr/bin/../lib/gcc/x86_64-redhat-linux/11/../../../../include/c++/11/backward]
  ignore line: [ /usr/lib64/clang/13.0.0/include]
  ignore line: [ /usr/local/include]
  ignore line: [ /usr/include]
  ignore line: [End of search list.]
  ignore line: [[2/2] Linking CXX executable cmTC_8702b]
  ignore line: [clang version 13.0.0 (Fedora 13.0.0-3.fc35)]
  ignore line: [Target: x86_64-redhat-linux-gnu]
  ignore line: [Thread model: posix]
  ignore line: [InstalledDir: /usr/bin]
  ignore line: [Found candidate GCC installation: /usr/bin/../lib/gcc/x86_64-redhat-linux/11]
  ignore line: [Selected GCC installation: /usr/bin/../lib/gcc/x86_64-redhat-linux/11]
  ignore line: [Candidate multilib: .]
  ignore line: [@m64]
  ignore line: [Candidate multilib: 32]
  ignore line: [@m32]
  ignore line: [Selected multilib: .]
  ignore line: [@m64]
  link line: [ "/usr/bin/ld" -export-dynamic --hash-style=gnu --build-id --eh-frame-hdr -m elf_x86_64 -export-dynamic -dynamic-linker /lib64/ld-linux-x86-64.so.2 -o cmTC_8702b /usr/bin/../lib/gcc/x86_64-redhat-linux/11/../../../../lib64/crt1.o /usr/bin/../lib/gcc/x86_64-redhat-linux/11/../../../../lib64/crti.o /usr/bin/../lib/gcc/x86_64-redhat-linux/11/crtbegin.o -L/usr/local/opt/openssl/lib -L/usr/bin/../lib/gcc/x86_64-redhat-linux/11 -L/usr/bin/../lib/gcc/x86_64-redhat-linux/11/../../../../lib64 -L/lib/../lib64 -L/usr/lib/../lib64 -L/usr/bin/../lib -L/lib -L/usr/lib CMakeFiles/cmTC_8702b.dir/CMakeCXXCompilerABI.cpp.o -lstdc++ -lm -lgcc_s -lgcc -lc -lgcc_s -lgcc /usr/bin/../lib/gcc/x86_64-redhat-linux/11/crtend.o /usr/bin/../lib/gcc/x86_64-redhat-linux/11/../../../../lib64/crtn.o]
    arg [/usr/bin/ld] ==> ignore
    arg [-export-dynamic] ==> ignore
    arg [--hash-style=gnu] ==> ignore
    arg [--build-id] ==> ignore
    arg [--eh-frame-hdr] ==> ignore
    arg [-m] ==> ignore
    arg [elf_x86_64] ==> ignore
    arg [-export-dynamic] ==> ignore
    arg [-dynamic-linker] ==> ignore
    arg [/lib64/ld-linux-x86-64.so.2] ==> ignore
    arg [-o] ==> ignore
    arg [cmTC_8702b] ==> ignore
    arg [/usr/bin/../lib/gcc/x86_64-redhat-linux/11/../../../../lib64/crt1.o] ==> obj [/usr/bin/../lib/gcc/x86_64-redhat-linux/11/../../../../lib64/crt1.o]
    arg [/usr/bin/../lib/gcc/x86_64-redhat-linux/11/../../../../lib64/crti.o] ==> obj [/usr/bin/../lib/gcc/x86_64-redhat-linux/11/../../../../lib64/crti.o]
    arg [/usr/bin/../lib/gcc/x86_64-redhat-linux/11/crtbegin.o] ==> obj [/usr/bin/../lib/gcc/x86_64-redhat-linux/11/crtbegin.o]
    arg [-L/usr/local/opt/openssl/lib] ==> dir [/usr/local/opt/openssl/lib]
    arg [-L/usr/bin/../lib/gcc/x86_64-redhat-linux/11] ==> dir [/usr/bin/../lib/gcc/x86_64-redhat-linux/11]
    arg [-L/usr/bin/../lib/gcc/x86_64-redhat-linux/11/../../../../lib64] ==> dir [/usr/bin/../lib/gcc/x86_64-redhat-linux/11/../../../../lib64]
    arg [-L/lib/../lib64] ==> dir [/lib/../lib64]
    arg [-L/usr/lib/../lib64] ==> dir [/usr/lib/../lib64]
    arg [-L/usr/bin/../lib] ==> dir [/usr/bin/../lib]
    arg [-L/lib] ==> dir [/lib]
    arg [-L/usr/lib] ==> dir [/usr/lib]
    arg [CMakeFiles/cmTC_8702b.dir/CMakeCXXCompilerABI.cpp.o] ==> ignore
    arg [-lstdc++] ==> lib [stdc++]
    arg [-lm] ==> lib [m]
    arg [-lgcc_s] ==> lib [gcc_s]
    arg [-lgcc] ==> lib [gcc]
    arg [-lc] ==> lib [c]
    arg [-lgcc_s] ==> lib [gcc_s]
    arg [-lgcc] ==> lib [gcc]
    arg [/usr/bin/../lib/gcc/x86_64-redhat-linux/11/crtend.o] ==> obj [/usr/bin/../lib/gcc/x86_64-redhat-linux/11/crtend.o]
    arg [/usr/bin/../lib/gcc/x86_64-redhat-linux/11/../../../../lib64/crtn.o] ==> obj [/usr/bin/../lib/gcc/x86_64-redhat-linux/11/../../../../lib64/crtn.o]
  collapse obj [/usr/bin/../lib/gcc/x86_64-redhat-linux/11/../../../../lib64/crt1.o] ==> [/usr/lib64/crt1.o]
  collapse obj [/usr/bin/../lib/gcc/x86_64-redhat-linux/11/../../../../lib64/crti.o] ==> [/usr/lib64/crti.o]
  collapse obj [/usr/bin/../lib/gcc/x86_64-redhat-linux/11/crtbegin.o] ==> [/usr/lib/gcc/x86_64-redhat-linux/11/crtbegin.o]
  collapse obj [/usr/bin/../lib/gcc/x86_64-redhat-linux/11/crtend.o] ==> [/usr/lib/gcc/x86_64-redhat-linux/11/crtend.o]
  collapse obj [/usr/bin/../lib/gcc/x86_64-redhat-linux/11/../../../../lib64/crtn.o] ==> [/usr/lib64/crtn.o]
  collapse library dir [/usr/local/opt/openssl/lib] ==> [/usr/local/opt/openssl/lib]
  collapse library dir [/usr/bin/../lib/gcc/x86_64-redhat-linux/11] ==> [/usr/lib/gcc/x86_64-redhat-linux/11]
  collapse library dir [/usr/bin/../lib/gcc/x86_64-redhat-linux/11/../../../../lib64] ==> [/usr/lib64]
  collapse library dir [/lib/../lib64] ==> [/lib64]
  collapse library dir [/usr/lib/../lib64] ==> [/usr/lib64]
  collapse library dir [/usr/bin/../lib] ==> [/usr/lib]
  collapse library dir [/lib] ==> [/lib]
  collapse library dir [/usr/lib] ==> [/usr/lib]
  implicit libs: [stdc++;m;gcc_s;gcc;c;gcc_s;gcc]
  implicit objs: [/usr/lib64/crt1.o;/usr/lib64/crti.o;/usr/lib/gcc/x86_64-redhat-linux/11/crtbegin.o;/usr/lib/gcc/x86_64-redhat-linux/11/crtend.o;/usr/lib64/crtn.o]
  implicit dirs: [/usr/local/opt/openssl/lib;/usr/lib/gcc/x86_64-redhat-linux/11;/usr/lib64;/lib64;/usr/lib;/lib]
  implicit fwks: []


