[] [Warning] <> 0 QIODevice::read (QFile, ":/javascript/jquery"): device not open
[] [Warning] <> 0 QIODevice::read (QFile, ":qtwebchannel/webchannel"): device not open
[] [Warning] <> 0 QIODevice::read (QFile, ":javascript/webpage"): device not open
[] [Warning] <> 0 Adding a QLayout to a QSplitter is not supported.
[] [Warning] <> 0 QIODevice::read (QFile, ":/javascript/jquery"): device not open
[] [Warning] <> 0 QIODevice::read (QFile, ":qtwebchannel/webchannel"): device not open
[] [Warning] <> 0 QIODevice::read (QFile, ":javascript/webpage"): device not open
[] [Warning] <> 0 QPlainTextEdit::setDocument: Document set does not support QPlainTextDocumentLayout
[quazip.cpp] [Warning] <bool QuaZip::open(QuaZip::Mode, zlib_filefunc_def *)> 246 QuaZip::open(): set either ZIP file name or IO device first
[] [Warning] <> 0 QFSFileEngine::open: No file name specified
[] [Warning] <> 0 QIODevice::read (QFile, ":/javascript/jquery"): device not open
[] [Warning] <> 0 QIODevice::read (QFile, ":qtwebchannel/webchannel"): device not open
[] [Warning] <> 0 QIODevice::read (QFile, ":javascript/webpage"): device not open
[] [Warning] <> 0 Adding a QLayout to a QSplitter is not supported.
[] [Warning] <> 0 QIODevice::read (QFile, ":/javascript/jquery"): device not open
[] [Warning] <> 0 QIODevice::read (QFile, ":qtwebchannel/webchannel"): device not open
[] [Warning] <> 0 QIODevice::read (QFile, ":javascript/webpage"): device not open
[] [Warning] <> 0 QPlainTextEdit::setDocument: Document set does not support QPlainTextDocumentLayout
[quazip.cpp] [Warning] <bool QuaZip::open(QuaZip::Mode, zlib_filefunc_def *)> 246 QuaZip::open(): set either ZIP file name or IO device first
[] [Warning] <> 0 QFSFileEngine::open: No file name specified
[] [Warning] <> 0 QIODevice::read (QFile, ":/javascript/jquery"): device not open
[] [Warning] <> 0 QIODevice::read (QFile, ":qtwebchannel/webchannel"): device not open
[] [Warning] <> 0 QIODevice::read (QFile, ":javascript/webpage"): device not open
[] [Warning] <> 0 Adding a QLayout to a QSplitter is not supported.
[] [Warning] <> 0 QIODevice::read (QFile, ":/javascript/jquery"): device not open
[] [Warning] <> 0 QIODevice::read (QFile, ":qtwebchannel/webchannel"): device not open
[] [Warning] <> 0 QIODevice::read (QFile, ":javascript/webpage"): device not open
[] [Warning] <> 0 QPlainTextEdit::setDocument: Document set does not support QPlainTextDocumentLayout
[quazip.cpp] [Warning] <bool QuaZip::open(QuaZip::Mode, zlib_filefunc_def *)> 246 QuaZip::open(): set either ZIP file name or IO device first
[] [Warning] <> 0 QFSFileEngine::open: No file name specified
[] [Warning] <> 0 QIODevice::read (QFile, ":/javascript/jquery"): device not open
[] [Warning] <> 0 QIODevice::read (QFile, ":qtwebchannel/webchannel"): device not open
[] [Warning] <> 0 QIODevice::read (QFile, ":javascript/webpage"): device not open
[] [Warning] <> 0 Adding a QLayout to a QSplitter is not supported.
[] [Warning] <> 0 QIODevice::read (QFile, ":/javascript/jquery"): device not open
[] [Warning] <> 0 QIODevice::read (QFile, ":qtwebchannel/webchannel"): device not open
[] [Warning] <> 0 QIODevice::read (QFile, ":javascript/webpage"): device not open
[] [Warning] <> 0 QPlainTextEdit::setDocument: Document set does not support QPlainTextDocumentLayout
[quazip.cpp] [Warning] <bool QuaZip::open(QuaZip::Mode, zlib_filefunc_def *)> 246 QuaZip::open(): set either ZIP file name or IO device first
[] [Warning] <> 0 QFSFileEngine::open: No file name specified
[] [Warning] <> 0 QIODevice::read (QFile, ":/javascript/jquery"): device not open
[] [Warning] <> 0 QIODevice::read (QFile, ":qtwebchannel/webchannel"): device not open
[] [Warning] <> 0 QIODevice::read (QFile, ":javascript/webpage"): device not open
[] [Warning] <> 0 Adding a QLayout to a QSplitter is not supported.
[] [Warning] <> 0 QIODevice::read (QFile, ":/javascript/jquery"): device not open
[] [Warning] <> 0 QIODevice::read (QFile, ":qtwebchannel/webchannel"): device not open
[] [Warning] <> 0 QIODevice::read (QFile, ":javascript/webpage"): device not open
[] [Warning] <> 0 QPlainTextEdit::setDocument: Document set does not support QPlainTextDocumentLayout
[quazip.cpp] [Warning] <bool QuaZip::open(QuaZip::Mode, zlib_filefunc_def *)> 246 QuaZip::open(): set either ZIP file name or IO device first
[] [Warning] <> 0 QFSFileEngine::open: No file name specified
[] [Warning] <> 0 QIODevice::read (QFile, ":/javascript/jquery"): device not open
[] [Warning] <> 0 QIODevice::read (QFile, ":qtwebchannel/webchannel"): device not open
[] [Warning] <> 0 QIODevice::read (QFile, ":javascript/webpage"): device not open
[] [Warning] <> 0 Adding a QLayout to a QSplitter is not supported.
[] [Warning] <> 0 QIODevice::read (QFile, ":/javascript/jquery"): device not open
[] [Warning] <> 0 QIODevice::read (QFile, ":qtwebchannel/webchannel"): device not open
[] [Warning] <> 0 QIODevice::read (QFile, ":javascript/webpage"): device not open
[] [Warning] <> 0 QPlainTextEdit::setDocument: Document set does not support QPlainTextDocumentLayout
[quazip.cpp] [Warning] <bool QuaZip::open(QuaZip::Mode, zlib_filefunc_def *)> 246 QuaZip::open(): set either ZIP file name or IO device first
[] [Warning] <> 0 QFSFileEngine::open: No file name specified
[] [Warning] <> 0 QIODevice::read (QFile, ":/javascript/jquery"): device not open
[] [Warning] <> 0 QIODevice::read (QFile, ":qtwebchannel/webchannel"): device not open
[] [Warning] <> 0 QIODevice::read (QFile, ":javascript/webpage"): device not open
[] [Warning] <> 0 Adding a QLayout to a QSplitter is not supported.
[] [Warning] <> 0 QIODevice::read (QFile, ":/javascript/jquery"): device not open
[] [Warning] <> 0 QIODevice::read (QFile, ":qtwebchannel/webchannel"): device not open
[] [Warning] <> 0 QIODevice::read (QFile, ":javascript/webpage"): device not open
[] [Warning] <> 0 QPlainTextEdit::setDocument: Document set does not support QPlainTextDocumentLayout
[quazip.cpp] [Warning] <bool QuaZip::open(QuaZip::Mode, zlib_filefunc_def *)> 246 QuaZip::open(): set either ZIP file name or IO device first
[] [Warning] <> 0 QFSFileEngine::open: No file name specified
[] [Warning] <> 0 QIODevice::read (QFile, ":/javascript/jquery"): device not open
[] [Warning] <> 0 QIODevice::read (QFile, ":qtwebchannel/webchannel"): device not open
[] [Warning] <> 0 QIODevice::read (QFile, ":javascript/webpage"): device not open
[] [Warning] <> 0 Adding a QLayout to a QSplitter is not supported.
[] [Warning] <> 0 QIODevice::read (QFile, ":/javascript/jquery"): device not open
[] [Warning] <> 0 QIODevice::read (QFile, ":qtwebchannel/webchannel"): device not open
[] [Warning] <> 0 QIODevice::read (QFile, ":javascript/webpage"): device not open
[] [Warning] <> 0 QPlainTextEdit::setDocument: Document set does not support QPlainTextDocumentLayout
[quazip.cpp] [Warning] <bool QuaZip::open(QuaZip::Mode, zlib_filefunc_def *)> 246 QuaZip::open(): set either ZIP file name or IO device first
[] [Warning] <> 0 QFSFileEngine::open: No file name specified
